{"/home/adduser/s3962053-assignment-1/notes-app-1.1.0/src/models/note.js": {"path":"/home/adduser/s3962053-assignment-1/notes-app-1.1.0/src/models/note.js","statementMap":{"0":{"start":{"line":1,"column":17},"end":{"line":1,"column":36}},"1":{"start":{"line":3,"column":20},"end":{"line":16,"column":2}},"2":{"start":{"line":18,"column":0},"end":{"line":18,"column":53}}},"fnMap":{},"branchMap":{},"s":{"0":1,"1":1,"2":1},"f":{},"b":{},"_coverageSchema":"1a1c01bbd47fc00a2c39e90264f33305004495a9","hash":"0b6acee6057b524dfa426c1b26fc57cbf5c8b77f"}
}
