{"/home/adduser/s3962053-assignment-1/src/app.js": {"path":"/home/adduser/s3962053-assignment-1/src/app.js","statementMap":{"0":{"start":{"line":1,"column":0},"end":{"line":1,"column":27}},"1":{"start":{"line":2,"column":16},"end":{"line":2,"column":34}},"2":{"start":{"line":3,"column":17},"end":{"line":3,"column":36}},"3":{"start":{"line":4,"column":13},"end":{"line":4,"column":28}},"4":{"start":{"line":5,"column":12},"end":{"line":5,"column":21}},"5":{"start":{"line":6,"column":13},"end":{"line":6,"column":37}},"6":{"start":{"line":7,"column":20},"end":{"line":7,"column":45}},"7":{"start":{"line":8,"column":23},"end":{"line":8,"column":49}},"8":{"start":{"line":10,"column":0},"end":{"line":10,"column":30}},"9":{"start":{"line":11,"column":0},"end":{"line":11,"column":48}},"10":{"start":{"line":12,"column":0},"end":{"line":12,"column":24}},"11":{"start":{"line":13,"column":0},"end":{"line":13,"column":49}},"12":{"start":{"line":14,"column":0},"end":{"line":14,"column":35}},"13":{"start":{"line":16,"column":0},"end":{"line":19,"column":3}},"14":{"start":{"line":17,"column":16},"end":{"line":17,"column":52}},"15":{"start":{"line":18,"column":2},"end":{"line":18,"column":40}},"16":{"start":{"line":21,"column":0},"end":{"line":26,"column":68}},"17":{"start":{"line":25,"column":12},"end":{"line":25,"column":47}},"18":{"start":{"line":26,"column":16},"end":{"line":26,"column":66}},"19":{"start":{"line":28,"column":0},"end":{"line":28,"column":26}},"20":{"start":{"line":29,"column":0},"end":{"line":31,"column":3}},"21":{"start":{"line":30,"column":2},"end":{"line":30,"column":36}},"22":{"start":{"line":33,"column":0},"end":{"line":33,"column":21}}},"fnMap":{"0":{"name":"(anonymous_0)","decl":{"start":{"line":16,"column":13},"end":{"line":16,"column":14}},"loc":{"start":{"line":16,"column":33},"end":{"line":19,"column":1}},"line":16},"1":{"name":"(anonymous_1)","decl":{"start":{"line":25,"column":6},"end":{"line":25,"column":7}},"loc":{"start":{"line":25,"column":12},"end":{"line":25,"column":47}},"line":25},"2":{"name":"(anonymous_2)","decl":{"start":{"line":26,"column":7},"end":{"line":26,"column":8}},"loc":{"start":{"line":26,"column":16},"end":{"line":26,"column":66}},"line":26},"3":{"name":"(anonymous_3)","decl":{"start":{"line":29,"column":37},"end":{"line":29,"column":38}},"loc":{"start":{"line":29,"column":43},"end":{"line":31,"column":1}},"line":29}},"branchMap":{"0":{"loc":{"start":{"line":29,"column":11},"end":{"line":29,"column":35}},"type":"binary-expr","locations":[{"start":{"line":29,"column":11},"end":{"line":29,"column":27}},{"start":{"line":29,"column":31},"end":{"line":29,"column":35}}],"line":29}},"s":{"0":1,"1":1,"2":1,"3":1,"4":1,"5":1,"6":1,"7":1,"8":1,"9":1,"10":1,"11":1,"12":1,"13":1,"14":0,"15":0,"16":1,"17":1,"18":0,"19":1,"20":1,"21":0,"22":1},"f":{"0":0,"1":1,"2":0,"3":0},"b":{"0":[1,1]},"_coverageSchema":"1a1c01bbd47fc00a2c39e90264f33305004495a9","hash":"d101d29deb8febfcc9c951d982fe5442eedac56d"}
,"/home/adduser/s3962053-assignment-1/src/models/note.js": {"path":"/home/adduser/s3962053-assignment-1/src/models/note.js","statementMap":{"0":{"start":{"line":1,"column":17},"end":{"line":1,"column":36}},"1":{"start":{"line":3,"column":19},"end":{"line":20,"column":2}},"2":{"start":{"line":22,"column":0},"end":{"line":22,"column":52}}},"fnMap":{},"branchMap":{},"s":{"0":1,"1":1,"2":1},"f":{},"b":{},"_coverageSchema":"1a1c01bbd47fc00a2c39e90264f33305004495a9","hash":"a165a19a967d6b64681a698dfbd66a4ebe7557f3"}
,"/home/adduser/s3962053-assignment-1/src/routes/notes.js": {"path":"/home/adduser/s3962053-assignment-1/src/routes/notes.js","statementMap":{"0":{"start":{"line":1,"column":16},"end":{"line":1,"column":34}},"1":{"start":{"line":2,"column":15},"end":{"line":2,"column":31}},"2":{"start":{"line":3,"column":13},"end":{"line":3,"column":38}},"3":{"start":{"line":5,"column":0},"end":{"line":7,"column":3}},"4":{"start":{"line":6,"column":2},"end":{"line":6,"column":20}},"5":{"start":{"line":9,"column":0},"end":{"line":25,"column":3}},"6":{"start":{"line":10,"column":15},"end":{"line":14,"column":4}},"7":{"start":{"line":15,"column":2},"end":{"line":24,"column":3}},"8":{"start":{"line":16,"column":4},"end":{"line":16,"column":22}},"9":{"start":{"line":17,"column":4},"end":{"line":21,"column":5}},"10":{"start":{"line":18,"column":6},"end":{"line":18,"column":24}},"11":{"start":{"line":20,"column":6},"end":{"line":20,"column":33}},"12":{"start":{"line":23,"column":4},"end":{"line":23,"column":30}},"13":{"start":{"line":27,"column":0},"end":{"line":36,"column":3}},"14":{"start":{"line":28,"column":2},"end":{"line":35,"column":3}},"15":{"start":{"line":29,"column":17},"end":{"line":29,"column":51}},"16":{"start":{"line":30,"column":4},"end":{"line":30,"column":41}},"17":{"start":{"line":31,"column":4},"end":{"line":31,"column":22}},"18":{"start":{"line":32,"column":4},"end":{"line":32,"column":22}},"19":{"start":{"line":34,"column":4},"end":{"line":34,"column":30}},"20":{"start":{"line":38,"column":0},"end":{"line":41,"column":3}},"21":{"start":{"line":39,"column":2},"end":{"line":39,"column":46}},"22":{"start":{"line":40,"column":2},"end":{"line":40,"column":20}},"23":{"start":{"line":43,"column":0},"end":{"line":43,"column":24}}},"fnMap":{"0":{"name":"(anonymous_0)","decl":{"start":{"line":5,"column":19},"end":{"line":5,"column":20}},"loc":{"start":{"line":5,"column":33},"end":{"line":7,"column":1}},"line":5},"1":{"name":"(anonymous_1)","decl":{"start":{"line":9,"column":22},"end":{"line":9,"column":23}},"loc":{"start":{"line":9,"column":42},"end":{"line":25,"column":1}},"line":9},"2":{"name":"(anonymous_2)","decl":{"start":{"line":27,"column":36},"end":{"line":27,"column":37}},"loc":{"start":{"line":27,"column":56},"end":{"line":36,"column":1}},"line":27},"3":{"name":"(anonymous_3)","decl":{"start":{"line":38,"column":22},"end":{"line":38,"column":23}},"loc":{"start":{"line":38,"column":42},"end":{"line":41,"column":1}},"line":38}},"branchMap":{"0":{"loc":{"start":{"line":17,"column":4},"end":{"line":21,"column":5}},"type":"if","locations":[{"start":{"line":17,"column":4},"end":{"line":21,"column":5}},{"start":{"line":19,"column":11},"end":{"line":21,"column":5}}],"line":17},"1":{"loc":{"start":{"line":17,"column":8},"end":{"line":17,"column":76}},"type":"binary-expr","locations":[{"start":{"line":17,"column":8},"end":{"line":17,"column":29}},{"start":{"line":17,"column":33},"end":{"line":17,"column":76}}],"line":17}},"s":{"0":1,"1":1,"2":1,"3":1,"4":0,"5":1,"6":0,"7":0,"8":0,"9":0,"10":0,"11":0,"12":0,"13":1,"14":0,"15":0,"16":0,"17":0,"18":0,"19":0,"20":1,"21":0,"22":0,"23":1},"f":{"0":0,"1":0,"2":0,"3":0},"b":{"0":[0,0],"1":[0,0]},"_coverageSchema":"1a1c01bbd47fc00a2c39e90264f33305004495a9","hash":"12df26da1f7a27a6aab417ee0b9c7517d2e1fde6"}
}
